<?xml version="1.0" encoding="UTF-8"?>
<testsuite name="org.printscript.interpreter.InterpreterTest" tests="3" skipped="0" failures="0" errors="0" timestamp="2026-08-11T19:45:39.887Z" hostname="MRecio--cachyos-x8664" time="0.029">
  <properties/>
  <testcase name="executesMathOperationsCorrectly()" classname="org.printscript.interpreter.InterpreterTest" time="0.022"/>
  <testcase name="executesStringConcatenationAndPrints()" classname="org.printscript.interpreter.InterpreterTest" time="0.002"/>
  <testcase name="printsNumbersWithoutDecimalsIfInteger()" classname="org.printscript.interpreter.InterpreterTest" time="0.002"/>
  <system-out><![CDATA[]]></system-out>
  <system-err><![CDATA[]]></system-err>
</testsuite>
