<?xml version="1.0" encoding="UTF-8"?>
<testsuite name="org.printscript.interpreter.SemanticAnalyzerTest" tests="4" skipped="0" failures="0" errors="0" timestamp="2026-08-18T15:01:02.420Z" hostname="Candelas-MacBook-Pro.local" time="0.007">
  <properties/>
  <testcase name="throwsOnUndeclaredVariableUsage()" classname="org.printscript.interpreter.SemanticAnalyzerTest" time="0.004"/>
  <testcase name="acceptsValidNumberDeclaration()" classname="org.printscript.interpreter.SemanticAnalyzerTest" time="0.0"/>
  <testcase name="throwsOnInvalidMathOperation()" classname="org.printscript.interpreter.SemanticAnalyzerTest" time="0.001"/>
  <testcase name="throwsOnTypeMismatchInDeclaration()" classname="org.printscript.interpreter.SemanticAnalyzerTest" time="0.001"/>
  <system-out><![CDATA[]]></system-out>
  <system-err><![CDATA[]]></system-err>
</testsuite>
