<?xml version="1.0" encoding="UTF-8"?>
<testsuite name="org.printscript.interpreter.SemanticAnalyzerTest" tests="4" skipped="0" failures="0" errors="0" timestamp="2026-08-11T19:45:39.921Z" hostname="MRecio--cachyos-x8664" time="0.025">
  <properties/>
  <testcase name="throwsOnUndeclaredVariableUsage()" classname="org.printscript.interpreter.SemanticAnalyzerTest" time="0.015"/>
  <testcase name="acceptsValidNumberDeclaration()" classname="org.printscript.interpreter.SemanticAnalyzerTest" time="0.002"/>
  <testcase name="throwsOnInvalidMathOperation()" classname="org.printscript.interpreter.SemanticAnalyzerTest" time="0.001"/>
  <testcase name="throwsOnTypeMismatchInDeclaration()" classname="org.printscript.interpreter.SemanticAnalyzerTest" time="0.004"/>
  <system-out><![CDATA[]]></system-out>
  <system-err><![CDATA[]]></system-err>
</testsuite>
