<?xml version="1.0" encoding="UTF-8"?>
<testsuite name="org.printscript.parser.ParserTest" tests="18" skipped="0" failures="0" errors="0" timestamp="2026-08-18T15:01:03.397Z" hostname="Candelas-MacBook-Pro.local" time="0.019">
  <properties/>
  <testcase name="parserAsIteratorProducesStatementsLazily()" classname="org.printscript.parser.ParserTest" time="0.005"/>
  <testcase name="throwsOnUnknownType()" classname="org.printscript.parser.ParserTest" time="0.005"/>
  <testcase name="leftAssociativityForAddition()" classname="org.printscript.parser.ParserTest" time="0.0"/>
  <testcase name="parenthesesOverridePrecedence()" classname="org.printscript.parser.ParserTest" time="0.001"/>
  <testcase name="parseExceptionContainsPosition()" classname="org.printscript.parser.ParserTest" time="0.0"/>
  <testcase name="parsesFullProgram()" classname="org.printscript.parser.ParserTest" time="0.001"/>
  <testcase name="respectsDivisionOverSubtraction()" classname="org.printscript.parser.ParserTest" time="0.0"/>
  <testcase name="tracksPositionOfVarDeclaration()" classname="org.printscript.parser.ParserTest" time="0.001"/>
  <testcase name="parsesStringDeclaration()" classname="org.printscript.parser.ParserTest" time="0.0"/>
  <testcase name="parsesAssignment()" classname="org.printscript.parser.ParserTest" time="0.001"/>
  <testcase name="throwsOnMissingSemicolon()" classname="org.printscript.parser.ParserTest" time="0.001"/>
  <testcase name="throwsOnUnexpectedToken()" classname="org.printscript.parser.ParserTest" time="0.0"/>
  <testcase name="respectsMultiplicationOverAddition()" classname="org.printscript.parser.ParserTest" time="0.0"/>
  <testcase name="throwsOnMissingColon()" classname="org.printscript.parser.ParserTest" time="0.0"/>
  <testcase name="parsesPrintlnWithStringLiteral()" classname="org.printscript.parser.ParserTest" time="0.0"/>
  <testcase name="parsesNumberDeclaration()" classname="org.printscript.parser.ParserTest" time="0.0"/>
  <testcase name="parsesPrintlnWithIdentifier()" classname="org.printscript.parser.ParserTest" time="0.0"/>
  <testcase name="parsesNumberProgramWithDivision()" classname="org.printscript.parser.ParserTest" time="0.001"/>
  <system-out><![CDATA[]]></system-out>
  <system-err><![CDATA[]]></system-err>
</testsuite>
