<?xml version="1.0" encoding="UTF-8"?>
<testsuite name="org.printscript.lexer.LexerTest" tests="5" skipped="0" failures="0" errors="0" timestamp="2026-08-11T19:45:40.629Z" hostname="MRecio--cachyos-x8664" time="0.042">
  <properties/>
  <testcase name="throwsOnUnexpectedCharacter()" classname="org.printscript.lexer.LexerTest" time="0.033"/>
  <testcase name="throwsOnUnterminatedString()" classname="org.printscript.lexer.LexerTest" time="0.001"/>
  <testcase name="supportsSingleAndDoubleQuotedStrings()" classname="org.printscript.lexer.LexerTest" time="0.002"/>
  <testcase name="tokenizesNumberDeclarationAndDivision()" classname="org.printscript.lexer.LexerTest" time="0.001"/>
  <testcase name="tokenizesStringDeclarationAndPrintln()" classname="org.printscript.lexer.LexerTest" time="0.001"/>
  <system-out><![CDATA[]]></system-out>
  <system-err><![CDATA[]]></system-err>
</testsuite>
